<?xml version="1.0" encoding="UTF-8"?>
<testng-results skipped="0" failed="0" total="1" passed="1">
  <reporter-output>
  </reporter-output>
  <suite name="Default suite" duration-ms="135397" started-at="2015-09-04T10:44:17Z" finished-at="2015-09-04T10:46:32Z">
    <groups>
    </groups>
    <test name="Default test" duration-ms="135397" started-at="2015-09-04T10:44:17Z" finished-at="2015-09-04T10:46:32Z">
      <class name="test.Gittest">
        <test-method status="PASS" signature="verifySeleniumBlog()[pri:0, instance:test.Gittest@16c0663d]" name="verifySeleniumBlog" duration-ms="135387" started-at="2015-09-04T16:14:17Z" finished-at="2015-09-04T16:16:32Z">
          <reporter-output>
          </reporter-output>
        </test-method> <!-- verifySeleniumBlog -->
      </class> <!-- test.Gittest -->
    </test> <!-- Default test -->
  </suite> <!-- Default suite -->
</testng-results>
